<?xml version="1.0" encoding="UTF-8"?>
<!-- Generated by org.testng.reporters.JUnitReportReporter -->
<testsuite hostname="LAPTOP-GDSA2IIE" failures="0" tests="2" name="testingteam.Test3" time="0.017" errors="0" timestamp="2024-12-18T12:55:47 IST" skipped="0">
  <testcase classname="testingteam.Test3" name="method1" time="0.014"/>
  <system-out/>
  <testcase classname="testingteam.Test3" name="method2" time="0.003"/>
  <system-out/>
</testsuite> <!-- testingteam.Test3 -->
