<?xml version="1.0" encoding="UTF-8"?>
<!-- Generated by org.testng.reporters.JUnitReportReporter -->
<testsuite hostname="LAPTOP-GDSA2IIE" failures="0" tests="2" name="testingteam.TEST5" time="0.729" errors="0" timestamp="2024-12-18T15:01:33 IST" skipped="0">
  <testcase classname="testingteam.TEST5" name="method1" time="0.709"/>
  <system-out/>
  <testcase classname="testingteam.TEST5" name="method2" time="0.020"/>
  <system-out/>
</testsuite> <!-- testingteam.TEST5 -->
