<?xml version="1.0" encoding="UTF-8"?>
<!-- Generated by org.testng.reporters.JUnitReportReporter -->
<testsuite hostname="LAPTOP-GDSA2IIE" failures="0" tests="1" name="DataPro.Sause2" time="0.015" errors="0" timestamp="2024-12-18T23:16:28 IST" skipped="0">
  <testcase classname="DataPro.Sause2" name="testMethod" time="0.015"/>
  <system-out/>
</testsuite> <!-- DataPro.Sause2 -->
