<?xml version="1.0" encoding="UTF-8"?>
<!-- Generated by org.testng.reporters.JUnitReportReporter -->
<testsuite hostname="LAPTOP-GDSA2IIE" failures="0" tests="1" name="testingteam.Test8" time="0.013" errors="0" timestamp="2024-12-18T21:01:51 IST" skipped="0">
  <testcase classname="testingteam.Test8" name="main" time="0.013"/>
  <system-out/>
</testsuite> <!-- testingteam.Test8 -->
