<?xml version="1.0" encoding="UTF-8"?>
<!-- Generated by org.testng.reporters.JUnitReportReporter -->
<testsuite hostname="LAPTOP-GDSA2IIE" failures="0" tests="4" name="Test8" time="0.019" errors="0" timestamp="2024-12-18T17:23:49 IST" skipped="0">
  <testcase classname="Test8" name="method12" time="0.001"/>
  <system-out/>
  <testcase classname="Test8" name="method14" time="0.002"/>
  <system-out/>
  <testcase classname="Test8" name="method11" time="0.015"/>
  <system-out/>
  <testcase classname="Test8" name="method13" time="0.001"/>
  <system-out/>
</testsuite> <!-- Test8 -->
