<?xml version="1.0" encoding="UTF-8"?>
<!-- Generated by org.testng.reporters.JUnitReportReporter -->
<testsuite hostname="LAPTOP-GDSA2IIE" failures="0" tests="1" name="testingteam.NewTest" time="0.014" errors="0" timestamp="2024-12-18T12:23:55 IST" skipped="0">
  <testcase classname="testingteam.NewTest" name="testMethod" time="0.014"/>
  <system-out/>
</testsuite> <!-- testingteam.NewTest -->
