<?xml version="1.0" encoding="UTF-8"?>
<!-- Generated by org.testng.reporters.JUnitReportReporter -->
<testsuite hostname="LAPTOP-GDSA2IIE" failures="0" tests="2" name="DataPro.DataPr" time="0.020" errors="0" timestamp="2024-12-18T22:22:18 IST" skipped="0">
  <testcase classname="DataPro.DataPr" name="method" time="0.001"/>
  <system-out/>
  <testcase classname="DataPro.DataPr" name="method" time="0.019"/>
  <system-out/>
</testsuite> <!-- DataPro.DataPr -->
