<?xml version="1.0" encoding="UTF-8"?>
<!-- Generated by org.testng.reporters.JUnitReportReporter -->
<testsuite hostname="LAPTOP-GDSA2IIE" failures="0" tests="2" name="DataPro.Data3" time="0.018" errors="0" timestamp="2024-12-18T22:36:47 IST" skipped="0">
  <testcase classname="DataPro.Data3" name="method" time="0.002"/>
  <system-out/>
  <testcase classname="DataPro.Data3" name="method" time="0.016"/>
  <system-out/>
</testsuite> <!-- DataPro.Data3 -->
