<?xml version="1.0" encoding="UTF-8"?>
<!-- Generated by org.testng.reporters.JUnitReportReporter -->
<testsuite hostname="LAPTOP-GDSA2IIE" failures="0" tests="1" name="testingteam.Test6" time="15.137" errors="0" timestamp="2024-12-18T17:30:35 IST" skipped="0">
  <testcase classname="testingteam.Test6" name="method" time="15.137"/>
  <system-out/>
</testsuite> <!-- testingteam.Test6 -->
