<?xml version="1.0" encoding="UTF-8"?>
<!-- Generated by org.testng.reporters.JUnitReportReporter -->
<testsuite hostname="LAPTOP-GDSA2IIE" failures="0" tests="2" name="Som.One" time="0.017" errors="0" timestamp="2024-12-18T18:09:20 IST" skipped="0">
  <testcase classname="Som.One" name="method11" time="0.016"/>
  <system-out/>
  <testcase classname="Som.One" name="method12" time="0.001"/>
  <system-out/>
</testsuite> <!-- Som.One -->
