<?xml version="1.0" encoding="UTF-8"?>
<!-- Generated by org.testng.reporters.JUnitReportReporter -->
<testsuite hostname="LAPTOP-GDSA2IIE" failures="0" tests="1" name="pk.Pavan" time="0.432" errors="0" timestamp="2024-12-20T23:10:49 IST" skipped="0">
  <testcase classname="pk.Pavan" name="verifyTitle" time="0.432"/>
  <system-out/>
</testsuite> <!-- pk.Pavan -->
