<?xml version="1.0" encoding="UTF-8"?>
<!-- Generated by org.testng.reporters.JUnitReportReporter -->
<testsuite hostname="LAPTOP-GDSA2IIE" failures="0" tests="2" name="DataPro.Sauce" time="9.000" errors="0" timestamp="2024-12-18T22:23:47 IST" skipped="0">
  <testcase classname="DataPro.Sauce" name="login" time="6.705"/>
  <system-out/>
  <testcase classname="DataPro.Sauce" name="login" time="2.295"/>
  <system-out/>
</testsuite> <!-- DataPro.Sauce -->
