<?xml version="1.0" encoding="UTF-8"?>
<!-- Generated by org.testng.reporters.JUnitReportReporter -->
<testsuite hostname="LAPTOP-GDSA2IIE" failures="0" tests="3" name="Som.Three" time="0.024" errors="0" timestamp="2024-12-18T20:04:20 IST" skipped="2">
  <testcase classname="Som.Three" name="methods2" time="0.015"/>
  <system-out/>
  <testcase classname="Som.Three" name="methods3" time="0.009">
    <skipped/>
  </testcase> <!-- methods3 -->
  <system-out/>
  <testcase classname="Som.Three" name="methods1">
    <skipped/>
  </testcase> <!-- methods1 -->
  <system-out/>
</testsuite> <!-- Som.Three -->
