<?xml version="1.0" encoding="UTF-8"?>
<!-- Generated by org.testng.reporters.JUnitReportReporter -->
<testsuite hostname="LAPTOP-GDSA2IIE" failures="0" tests="1" name="testingteam.testing2" time="0.018" errors="0" timestamp="2024-12-18T12:39:39 IST" skipped="0">
  <testcase classname="testingteam.testing2" name="alogout" time="0.018"/>
  <system-out/>
</testsuite> <!-- testingteam.testing2 -->
