<?xml version="1.0" encoding="UTF-8"?>
<!-- Generated by org.testng.reporters.JUnitReportReporter -->
<testsuite hostname="LAPTOP-GDSA2IIE" failures="0" tests="1" name="Listener.List" time="0.017" errors="0" timestamp="2024-12-19T20:16:31 IST" skipped="0">
  <testcase classname="Listener.List" name="method" time="0.017"/>
  <system-out/>
</testsuite> <!-- Listener.List -->
