<?xml version="1.0" encoding="UTF-8"?>
<!-- Generated by org.testng.reporters.JUnitReportReporter -->
<testsuite hostname="LAPTOP-GDSA2IIE" failures="0" tests="4" name="Som.Four" time="0.017" errors="0" timestamp="2024-12-18T20:53:59 IST" skipped="0">
  <testcase classname="Som.Four" name="prod2" time="0.001"/>
  <system-out/>
  <testcase classname="Som.Four" name="prod3" time="0.002"/>
  <system-out/>
  <testcase classname="Som.Four" name="prod1" time="0.013"/>
  <system-out/>
  <testcase classname="Som.Four" name="prod4" time="0.001"/>
  <system-out/>
</testsuite> <!-- Som.Four -->
