<?xml version="1.0" encoding="UTF-8"?>
<!-- Generated by org.testng.reporters.JUnitReportReporter -->
<testsuite hostname="LAPTOP-GDSA2IIE" failures="0" tests="4" name="Som.Two" time="0.007" errors="0" timestamp="2024-12-18T18:06:21 IST" skipped="0">
  <testcase classname="Som.Two" name="method23" time="0.001"/>
  <system-out/>
  <testcase classname="Som.Two" name="method20" time="0.005"/>
  <system-out/>
  <testcase classname="Som.Two" name="method21" time="0.000"/>
  <system-out/>
  <testcase classname="Som.Two" name="method22" time="0.001"/>
  <system-out/>
</testsuite> <!-- Som.Two -->
