<?xml version="1.0" encoding="UTF-8"?>
<!-- Generated by org.testng.reporters.JUnitReportReporter -->
<testsuite hostname="LAPTOP-GDSA2IIE" failures="0" tests="4" name="testingteam.Test7" time="0.007" errors="0" timestamp="2024-12-18T17:30:35 IST" skipped="0">
  <testcase classname="testingteam.Test7" name="method3" time="0.001"/>
  <system-out/>
  <testcase classname="testingteam.Test7" name="method2" time="0.001"/>
  <system-out/>
  <testcase classname="testingteam.Test7" name="method1" time="0.003"/>
  <system-out/>
  <testcase classname="testingteam.Test7" name="method4" time="0.002"/>
  <system-out/>
</testsuite> <!-- testingteam.Test7 -->
