<?xml version="1.0" encoding="UTF-8"?>
<!-- Generated by org.testng.reporters.JUnitReportReporter -->
<testsuite hostname="LAPTOP-GDSA2IIE" failures="0" tests="1" name="scrnsht.report" time="0.013" errors="0" timestamp="2024-12-20T11:10:25 IST" skipped="0">
  <testcase classname="scrnsht.report" name="method" time="0.013"/>
  <system-out>
    <![CDATA[report genrate]]>
  </system-out>
</testsuite> <!-- scrnsht.report -->
